Determining if the pthread_create exist failed with the following output:
Change Dir: /home/lei/overlay_ws/build/CMakeFiles/CMakeTmp

Run Build Command:"/usr/bin/make" "cmTC_8c6a7/fast"
/usr/bin/make -f CMakeFiles/cmTC_8c6a7.dir/build.make CMakeFiles/cmTC_8c6a7.dir/build
make[1]: Entering directory '/home/lei/overlay_ws/build/CMakeFiles/CMakeTmp'
Building C object CMakeFiles/cmTC_8c6a7.dir/CheckSymbolExists.c.o
/usr/bin/cc     -o CMakeFiles/cmTC_8c6a7.dir/CheckSymbolExists.c.o   -c /home/lei/overlay_ws/build/CMakeFiles/CMakeTmp/CheckSymbolExists.c
Linking C executable cmTC_8c6a7
/usr/bin/cmake -E cmake_link_script CMakeFiles/cmTC_8c6a7.dir/link.txt --verbose=1
/usr/bin/cc       CMakeFiles/cmTC_8c6a7.dir/CheckSymbolExists.c.o  -o cmTC_8c6a7 -rdynamic 
CMakeFiles/cmTC_8c6a7.dir/CheckSymbolExists.c.o: In function `main':
CheckSymbolExists.c:(.text+0x16): undefined reference to `pthread_create'
collect2: error: ld returned 1 exit status
CMakeFiles/cmTC_8c6a7.dir/build.make:97: recipe for target 'cmTC_8c6a7' failed
make[1]: *** [cmTC_8c6a7] Error 1
make[1]: Leaving directory '/home/lei/overlay_ws/build/CMakeFiles/CMakeTmp'
Makefile:126: recipe for target 'cmTC_8c6a7/fast' failed
make: *** [cmTC_8c6a7/fast] Error 2

File /home/lei/overlay_ws/build/CMakeFiles/CMakeTmp/CheckSymbolExists.c:
/* */
#include <pthread.h>

int main(int argc, char** argv)
{
  (void)argv;
#ifndef pthread_create
  return ((int*)(&pthread_create))[argc];
#else
  (void)argc;
  return 0;
#endif
}

Determining if the function pthread_create exists in the pthreads failed with the following output:
Change Dir: /home/lei/overlay_ws/build/CMakeFiles/CMakeTmp

Run Build Command:"/usr/bin/make" "cmTC_a2da0/fast"
/usr/bin/make -f CMakeFiles/cmTC_a2da0.dir/build.make CMakeFiles/cmTC_a2da0.dir/build
make[1]: Entering directory '/home/lei/overlay_ws/build/CMakeFiles/CMakeTmp'
Building C object CMakeFiles/cmTC_a2da0.dir/CheckFunctionExists.c.o
/usr/bin/cc    -DCHECK_FUNCTION_EXISTS=pthread_create   -o CMakeFiles/cmTC_a2da0.dir/CheckFunctionExists.c.o   -c /usr/share/cmake-3.5/Modules/CheckFunctionExists.c
Linking C executable cmTC_a2da0
/usr/bin/cmake -E cmake_link_script CMakeFiles/cmTC_a2da0.dir/link.txt --verbose=1
/usr/bin/cc   -DCHECK_FUNCTION_EXISTS=pthread_create    CMakeFiles/cmTC_a2da0.dir/CheckFunctionExists.c.o  -o cmTC_a2da0 -rdynamic -lpthreads 
/usr/bin/ld: cannot find -lpthreads
collect2: error: ld returned 1 exit status
CMakeFiles/cmTC_a2da0.dir/build.make:97: recipe for target 'cmTC_a2da0' failed
make[1]: *** [cmTC_a2da0] Error 1
make[1]: Leaving directory '/home/lei/overlay_ws/build/CMakeFiles/CMakeTmp'
Makefile:126: recipe for target 'cmTC_a2da0/fast' failed
make: *** [cmTC_a2da0/fast] Error 2


Determining if the include file pgm.h exists failed with the following output:
Change Dir: /home/lei/overlay_ws/build/CMakeFiles/CMakeTmp

Run Build Command:"/usr/bin/make" "cmTC_defdc/fast"
/usr/bin/make -f CMakeFiles/cmTC_defdc.dir/build.make CMakeFiles/cmTC_defdc.dir/build
make[1]: Entering directory '/home/lei/overlay_ws/build/CMakeFiles/CMakeTmp'
Building CXX object CMakeFiles/cmTC_defdc.dir/CheckIncludeFile.cxx.o
/usr/bin/c++      -o CMakeFiles/cmTC_defdc.dir/CheckIncludeFile.cxx.o -c /home/lei/overlay_ws/build/CMakeFiles/CMakeTmp/CheckIncludeFile.cxx
/home/lei/overlay_ws/build/CMakeFiles/CMakeTmp/CheckIncludeFile.cxx:1:17: fatal error: pgm.h: No such file or directory
compilation terminated.
CMakeFiles/cmTC_defdc.dir/build.make:65: recipe for target 'CMakeFiles/cmTC_defdc.dir/CheckIncludeFile.cxx.o' failed
make[1]: *** [CMakeFiles/cmTC_defdc.dir/CheckIncludeFile.cxx.o] Error 1
make[1]: Leaving directory '/home/lei/overlay_ws/build/CMakeFiles/CMakeTmp'
Makefile:126: recipe for target 'cmTC_defdc/fast' failed
make: *** [cmTC_defdc/fast] Error 2


