Determining if the pthread_create exist failed with the following output:
Change Dir: /home/lei/catkin_ws/build/CMakeFiles/CMakeTmp

Run Build Command:"/usr/bin/make" "cmTC_e3dc3/fast"
/usr/bin/make -f CMakeFiles/cmTC_e3dc3.dir/build.make CMakeFiles/cmTC_e3dc3.dir/build
make[1]: Entering directory '/home/lei/catkin_ws/build/CMakeFiles/CMakeTmp'
Building C object CMakeFiles/cmTC_e3dc3.dir/CheckSymbolExists.c.o
/usr/bin/cc     -o CMakeFiles/cmTC_e3dc3.dir/CheckSymbolExists.c.o   -c /home/lei/catkin_ws/build/CMakeFiles/CMakeTmp/CheckSymbolExists.c
Linking C executable cmTC_e3dc3
/usr/bin/cmake -E cmake_link_script CMakeFiles/cmTC_e3dc3.dir/link.txt --verbose=1
/usr/bin/cc       CMakeFiles/cmTC_e3dc3.dir/CheckSymbolExists.c.o  -o cmTC_e3dc3 -rdynamic 
CMakeFiles/cmTC_e3dc3.dir/CheckSymbolExists.c.o: In function `main':
CheckSymbolExists.c:(.text+0x16): undefined reference to `pthread_create'
collect2: error: ld returned 1 exit status
CMakeFiles/cmTC_e3dc3.dir/build.make:97: recipe for target 'cmTC_e3dc3' failed
make[1]: *** [cmTC_e3dc3] Error 1
make[1]: Leaving directory '/home/lei/catkin_ws/build/CMakeFiles/CMakeTmp'
Makefile:126: recipe for target 'cmTC_e3dc3/fast' failed
make: *** [cmTC_e3dc3/fast] Error 2

File /home/lei/catkin_ws/build/CMakeFiles/CMakeTmp/CheckSymbolExists.c:
/* */
#include <pthread.h>

int main(int argc, char** argv)
{
  (void)argv;
#ifndef pthread_create
  return ((int*)(&pthread_create))[argc];
#else
  (void)argc;
  return 0;
#endif
}

Determining if the function pthread_create exists in the pthreads failed with the following output:
Change Dir: /home/lei/catkin_ws/build/CMakeFiles/CMakeTmp

Run Build Command:"/usr/bin/make" "cmTC_1aae1/fast"
/usr/bin/make -f CMakeFiles/cmTC_1aae1.dir/build.make CMakeFiles/cmTC_1aae1.dir/build
make[1]: Entering directory '/home/lei/catkin_ws/build/CMakeFiles/CMakeTmp'
Building C object CMakeFiles/cmTC_1aae1.dir/CheckFunctionExists.c.o
/usr/bin/cc    -DCHECK_FUNCTION_EXISTS=pthread_create   -o CMakeFiles/cmTC_1aae1.dir/CheckFunctionExists.c.o   -c /usr/share/cmake-3.5/Modules/CheckFunctionExists.c
Linking C executable cmTC_1aae1
/usr/bin/cmake -E cmake_link_script CMakeFiles/cmTC_1aae1.dir/link.txt --verbose=1
/usr/bin/cc   -DCHECK_FUNCTION_EXISTS=pthread_create    CMakeFiles/cmTC_1aae1.dir/CheckFunctionExists.c.o  -o cmTC_1aae1 -rdynamic -lpthreads 
/usr/bin/ld: cannot find -lpthreads
collect2: error: ld returned 1 exit status
CMakeFiles/cmTC_1aae1.dir/build.make:97: recipe for target 'cmTC_1aae1' failed
make[1]: *** [cmTC_1aae1] Error 1
make[1]: Leaving directory '/home/lei/catkin_ws/build/CMakeFiles/CMakeTmp'
Makefile:126: recipe for target 'cmTC_1aae1/fast' failed
make: *** [cmTC_1aae1/fast] Error 2


Determining if the include file pgm.h exists failed with the following output:
Change Dir: /home/lei/catkin_ws/build/CMakeFiles/CMakeTmp

Run Build Command:"/usr/bin/make" "cmTC_cb1e6/fast"
/usr/bin/make -f CMakeFiles/cmTC_cb1e6.dir/build.make CMakeFiles/cmTC_cb1e6.dir/build
make[1]: Entering directory '/home/lei/catkin_ws/build/CMakeFiles/CMakeTmp'
Building CXX object CMakeFiles/cmTC_cb1e6.dir/CheckIncludeFile.cxx.o
/usr/bin/c++      -o CMakeFiles/cmTC_cb1e6.dir/CheckIncludeFile.cxx.o -c /home/lei/catkin_ws/build/CMakeFiles/CMakeTmp/CheckIncludeFile.cxx
/home/lei/catkin_ws/build/CMakeFiles/CMakeTmp/CheckIncludeFile.cxx:1:17: fatal error: pgm.h: No such file or directory
compilation terminated.
CMakeFiles/cmTC_cb1e6.dir/build.make:65: recipe for target 'CMakeFiles/cmTC_cb1e6.dir/CheckIncludeFile.cxx.o' failed
make[1]: *** [CMakeFiles/cmTC_cb1e6.dir/CheckIncludeFile.cxx.o] Error 1
make[1]: Leaving directory '/home/lei/catkin_ws/build/CMakeFiles/CMakeTmp'
Makefile:126: recipe for target 'cmTC_cb1e6/fast' failed
make: *** [cmTC_cb1e6/fast] Error 2


